# JRE version: OpenJDK Runtime Environment (8.0_152-b06) (build 1.8.0_152-release-1136-b06)
# Java VM: OpenJDK 64-Bit Server VM (25.152-b06 mixed mode windows-amd64 compressed oops)
Heap:
 PSYoungGen      total 278016K, used 80778K [0x00000000e0000000, 0x00000000f6000000, 0x0000000100000000)
  eden space 241152K, 18% used [0x00000000e0000000,0x00000000e2ba04b8,0x00000000eeb80000)
  from space 36864K, 97% used [0x00000000eeb80000,0x00000000f0ec2368,0x00000000f0f80000)
  to   space 40960K, 0% used [0x00000000f3800000,0x00000000f3800000,0x00000000f6000000)
 ParOldGen       total 269824K, used 71930K [0x00000000a0000000, 0x00000000b0780000, 0x00000000e0000000)
  object space 269824K, 26% used [0x00000000a0000000,0x00000000a463eab8,0x00000000b0780000)
 Metaspace       used 89462K, capacity 94273K, committed 94424K, reserved 1130496K
  class space    used 11550K, capacity 12540K, committed 12544K, reserved 1048576K
GC Heap History (10 events):
Event: 76.184 GC heap before
{Heap before GC invocations=18 (full 3):
 PSYoungGen      total 211968K, used 209540K [0x00000000e0000000, 0x00000000ef580000, 0x0000000100000000)
  eden space 182272K, 100% used [0x00000000e0000000,0x00000000eb200000,0x00000000eb200000)
  from space 29696K, 91% used [0x00000000ed200000,0x00000000eeca1210,0x00000000eef00000)
  to   space 32768K, 0% used [0x00000000eb200000,0x00000000eb200000,0x00000000ed200000)
 ParOldGen       total 269824K, used 39903K [0x00000000a0000000, 0x00000000b0780000, 0x00000000e0000000)
  object space 269824K, 14% used [0x00000000a0000000,0x00000000a26f7c98,0x00000000b0780000)
 Metaspace       used 76140K, capacity 78671K, committed 78808K, reserved 1118208K
  class space    used 9747K, capacity 10400K, committed 10496K, reserved 1048576K
Event: 76.206 GC heap after
Heap after GC invocations=18 (full 3):
 PSYoungGen      total 215040K, used 32753K [0x00000000e0000000, 0x00000000f1a80000, 0x0000000100000000)
  eden space 182272K, 0% used [0x00000000e0000000,0x00000000e0000000,0x00000000eb200000)
  from space 32768K, 99% used [0x00000000eb200000,0x00000000ed1fc7f8,0x00000000ed200000)
  to   space 41472K, 0% used [0x00000000ef200000,0x00000000ef200000,0x00000000f1a80000)
 ParOldGen       total 269824K, used 51904K [0x00000000a0000000, 0x00000000b0780000, 0x00000000e0000000)
  object space 269824K, 19% used [0x00000000a0000000,0x00000000a32b0208,0x00000000b0780000)
 Metaspace       used 76140K, capacity 78671K, committed 78808K, reserved 1118208K
  class space    used 9747K, capacity 10400K, committed 10496K, reserved 1048576K
}
Event: 79.875 GC heap before
{Heap before GC invocations=19 (full 3):
 PSYoungGen      total 215040K, used 215025K [0x00000000e0000000, 0x00000000f1a80000, 0x0000000100000000)
  eden space 182272K, 100% used [0x00000000e0000000,0x00000000eb200000,0x00000000eb200000)
  from space 32768K, 99% used [0x00000000eb200000,0x00000000ed1fc7f8,0x00000000ed200000)
  to   space 41472K, 0% used [0x00000000ef200000,0x00000000ef200000,0x00000000f1a80000)
 ParOldGen       total 269824K, used 51904K [0x00000000a0000000, 0x00000000b0780000, 0x00000000e0000000)
  object space 269824K, 19% used [0x00000000a0000000,0x00000000a32b0208,0x00000000b0780000)
 Metaspace       used 78100K, capacity 80711K, committed 80728K, reserved 1120256K
  class space    used 9975K, capacity 10608K, committed 10624K, reserved 1048576K
Event: 79.899 GC heap after
Heap after GC invocations=19 (full 3):
 PSYoungGen      total 243712K, used 21719K [0x00000000e0000000, 0x00000000f1700000, 0x0000000100000000)
  eden space 205824K, 0% used [0x00000000e0000000,0x00000000e0000000,0x00000000ec900000)
  from space 37888K, 57% used [0x00000000ef200000,0x00000000f0735e98,0x00000000f1700000)
  to   space 39936K, 0% used [0x00000000ec900000,0x00000000ec900000,0x00000000ef000000)
 ParOldGen       total 269824K, used 70742K [0x00000000a0000000, 0x00000000b0780000, 0x00000000e0000000)
  object space 269824K, 26% used [0x00000000a0000000,0x00000000a4515a78,0x00000000b0780000)
 Metaspace       used 78100K, capacity 80711K, committed 80728K, reserved 1120256K
  class space    used 9975K, capacity 10608K, committed 10624K, reserved 1048576K
}
Event: 79.996 GC heap before
{Heap before GC invocations=20 (full 3):
 PSYoungGen      total 243712K, used 227420K [0x00000000e0000000, 0x00000000f1700000, 0x0000000100000000)
  eden space 205824K, 99% used [0x00000000e0000000,0x00000000ec8e1350,0x00000000ec900000)
  from space 37888K, 57% used [0x00000000ef200000,0x00000000f0735e98,0x00000000f1700000)
  to   space 39936K, 0% used [0x00000000ec900000,0x00000000ec900000,0x00000000ef000000)
 ParOldGen       total 269824K, used 70742K [0x00000000a0000000, 0x00000000b0780000, 0x00000000e0000000)
  object space 269824K, 26% used [0x00000000a0000000,0x00000000a4515a78,0x00000000b0780000)
 Metaspace       used 78392K, capacity 81063K, committed 81368K, reserved 1120256K
  class space    used 10016K, capacity 10654K, committed 10752K, reserved 1048576K
Event: 80.004 GC heap after
Heap after GC invocations=20 (full 3):
 PSYoungGen      total 245760K, used 18630K [0x00000000e0000000, 0x00000000f3b00000, 0x0000000100000000)
  eden space 205824K, 0% used [0x00000000e0000000,0x00000000e0000000,0x00000000ec900000)
  from space 39936K, 46% used [0x00000000ec900000,0x00000000edb31ad0,0x00000000ef000000)
  to   space 38400K, 0% used [0x00000000f1580000,0x00000000f1580000,0x00000000f3b00000)
 ParOldGen       total 269824K, used 70750K [0x00000000a0000000, 0x00000000b0780000, 0x00000000e0000000)
  object space 269824K, 26% used [0x00000000a0000000,0x00000000a4517a78,0x00000000b0780000)
 Metaspace       used 78392K, capacity 81063K, committed 81368K, reserved 1120256K
  class space    used 10016K, capacity 10654K, committed 10752K, reserved 1048576K
}
Event: 82.363 GC heap before
{Heap before GC invocations=21 (full 3):
 PSYoungGen      total 245760K, used 224454K [0x00000000e0000000, 0x00000000f3b00000, 0x0000000100000000)
  eden space 205824K, 100% used [0x00000000e0000000,0x00000000ec900000,0x00000000ec900000)
  from space 39936K, 46% used [0x00000000ec900000,0x00000000edb31ad0,0x00000000ef000000)
  to   space 38400K, 0% used [0x00000000f1580000,0x00000000f1580000,0x00000000f3b00000)
 ParOldGen       total 269824K, used 70750K [0x00000000a0000000, 0x00000000b0780000, 0x00000000e0000000)
  object space 269824K, 26% used [0x00000000a0000000,0x00000000a4517a78,0x00000000b0780000)
 Metaspace       used 79037K, capacity 81889K, committed 82008K, reserved 1120256K
  class space    used 10117K, capacity 10771K, committed 10880K, reserved 1048576K
Event: 82.375 GC heap after
Heap after GC invocations=21 (full 3):
 PSYoungGen      total 271872K, used 17948K [0x00000000e0000000, 0x00000000f3380000, 0x0000000100000000)
  eden space 241152K, 0% used [0x00000000e0000000,0x00000000e0000000,0x00000000eeb80000)
  from space 30720K, 58% used [0x00000000f1580000,0x00000000f2707268,0x00000000f3380000)
  to   space 36864K, 0% used [0x00000000eeb80000,0x00000000eeb80000,0x00000000f0f80000)
 ParOldGen       total 269824K, used 71922K [0x00000000a0000000, 0x00000000b0780000, 0x00000000e0000000)
  object space 269824K, 26% used [0x00000000a0000000,0x00000000a463cab8,0x00000000b0780000)
 Metaspace       used 79037K, capacity 81889K, committed 82008K, reserved 1120256K
  class space    used 10117K, capacity 10771K, committed 10880K, reserved 1048576K
}
Event: 85.399 GC heap before
{Heap before GC invocations=22 (full 3):
 PSYoungGen      total 271872K, used 259100K [0x00000000e0000000, 0x00000000f3380000, 0x0000000100000000)
  eden space 241152K, 100% used [0x00000000e0000000,0x00000000eeb80000,0x00000000eeb80000)
  from space 30720K, 58% used [0x00000000f1580000,0x00000000f2707268,0x00000000f3380000)
  to   space 36864K, 0% used [0x00000000eeb80000,0x00000000eeb80000,0x00000000f0f80000)
 ParOldGen       total 269824K, used 71922K [0x00000000a0000000, 0x00000000b0780000, 0x00000000e0000000)
  object space 269824K, 26% used [0x00000000a0000000,0x00000000a463cab8,0x00000000b0780000)
 Metaspace       used 89057K, capacity 93839K, committed 93912K, reserved 1130496K
  class space    used 11523K, capacity 12507K, committed 12544K, reserved 1048576K
Event: 85.423 GC heap after
Heap after GC invocations=22 (full 3):
 PSYoungGen      total 278016K, used 36104K [0x00000000e0000000, 0x00000000f6000000, 0x0000000100000000)
  eden space 241152K, 0% used [0x00000000e0000000,0x00000000e0000000,0x00000000eeb80000)
  from space 36864K, 97% used [0x00000000eeb80000,0x00000000f0ec2368,0x00000000f0f80000)
  to   space 40960K, 0% used [0x00000000f3800000,0x00000000f3800000,0x00000000f6000000)
 ParOldGen       total 269824K, used 71930K [0x00000000a0000000, 0x00000000b0780000, 0x00000000e0000000)
  object space 269824K, 26% used [0x00000000a0000000,0x00000000a463eab8,0x00000000b0780000)
 Metaspace       used 89057K, capacity 93839K, committed 93912K, reserved 1130496K
  class space    used 11523K, capacity 12507K, committed 12544K, reserved 1048576K
}

